The system is: Linux - 5.4.0-90-generic - x86_64
Compiling the C compiler identification source file "CMakeCCompilerId.c" succeeded.
Compiler: /usr/lib/ccache/cc 
Build flags: 
Id flags:  

The output was:
0


Compilation of the C compiler identification source "CMakeCCompilerId.c" produced "a.out"

The C compiler identification is GNU, found in "/home/nitish/ws_moveit/src/mongo-c-driver-1.19.2/cmake-build/CMakeFiles/3.10.2/CompilerIdC/a.out"

Determining if the C compiler works passed with the following output:
Change Dir: /home/nitish/ws_moveit/src/mongo-c-driver-1.19.2/cmake-build/CMakeFiles/CMakeTmp

Run Build Command:"/usr/bin/make" "cmTC_adff7/fast"
/usr/bin/make -f CMakeFiles/cmTC_adff7.dir/build.make CMakeFiles/cmTC_adff7.dir/build
make[1]: Entering directory '/home/nitish/ws_moveit/src/mongo-c-driver-1.19.2/cmake-build/CMakeFiles/CMakeTmp'
Building C object CMakeFiles/cmTC_adff7.dir/testCCompiler.c.o
/usr/lib/ccache/cc    -o CMakeFiles/cmTC_adff7.dir/testCCompiler.c.o   -c /home/nitish/ws_moveit/src/mongo-c-driver-1.19.2/cmake-build/CMakeFiles/CMakeTmp/testCCompiler.c
Linking C executable cmTC_adff7
/usr/bin/cmake -E cmake_link_script CMakeFiles/cmTC_adff7.dir/link.txt --verbose=1
/usr/lib/ccache/cc      -rdynamic CMakeFiles/cmTC_adff7.dir/testCCompiler.c.o  -o cmTC_adff7 
make[1]: Leaving directory '/home/nitish/ws_moveit/src/mongo-c-driver-1.19.2/cmake-build/CMakeFiles/CMakeTmp'


Detecting C compiler ABI info compiled with the following output:
Change Dir: /home/nitish/ws_moveit/src/mongo-c-driver-1.19.2/cmake-build/CMakeFiles/CMakeTmp

Run Build Command:"/usr/bin/make" "cmTC_b4db9/fast"
/usr/bin/make -f CMakeFiles/cmTC_b4db9.dir/build.make CMakeFiles/cmTC_b4db9.dir/build
make[1]: Entering directory '/home/nitish/ws_moveit/src/mongo-c-driver-1.19.2/cmake-build/CMakeFiles/CMakeTmp'
Building C object CMakeFiles/cmTC_b4db9.dir/CMakeCCompilerABI.c.o
/usr/lib/ccache/cc    -o CMakeFiles/cmTC_b4db9.dir/CMakeCCompilerABI.c.o   -c /usr/share/cmake-3.10/Modules/CMakeCCompilerABI.c
Linking C executable cmTC_b4db9
/usr/bin/cmake -E cmake_link_script CMakeFiles/cmTC_b4db9.dir/link.txt --verbose=1
/usr/lib/ccache/cc     -v -rdynamic CMakeFiles/cmTC_b4db9.dir/CMakeCCompilerABI.c.o  -o cmTC_b4db9 
Using built-in specs.
COLLECT_GCC=/usr/bin/cc
COLLECT_LTO_WRAPPER=/usr/lib/gcc/x86_64-linux-gnu/7/lto-wrapper
OFFLOAD_TARGET_NAMES=nvptx-none
OFFLOAD_TARGET_DEFAULT=1
Target: x86_64-linux-gnu
Configured with: ../src/configure -v --with-pkgversion='Ubuntu 7.5.0-3ubuntu1~18.04' --with-bugurl=file:///usr/share/doc/gcc-7/README.Bugs --enable-languages=c,ada,c++,go,brig,d,fortran,objc,obj-c++ --prefix=/usr --with-gcc-major-version-only --program-suffix=-7 --program-prefix=x86_64-linux-gnu- --enable-shared --enable-linker-build-id --libexecdir=/usr/lib --without-included-gettext --enable-threads=posix --libdir=/usr/lib --enable-nls --enable-bootstrap --enable-clocale=gnu --enable-libstdcxx-debug --enable-libstdcxx-time=yes --with-default-libstdcxx-abi=new --enable-gnu-unique-object --disable-vtable-verify --enable-libmpx --enable-plugin --enable-default-pie --with-system-zlib --with-target-system-zlib --enable-objc-gc=auto --enable-multiarch --disable-werror --with-arch-32=i686 --with-abi=m64 --with-multilib-list=m32,m64,mx32 --enable-multilib --with-tune=generic --enable-offload-targets=nvptx-none --without-cuda-driver --enable-checking=release --build=x86_64-linux-gnu --host=x86_64-linux-gnu --target=x86_64-linux-gnu
Thread model: posix
gcc version 7.5.0 (Ubuntu 7.5.0-3ubuntu1~18.04) 
COMPILER_PATH=/usr/lib/gcc/x86_64-linux-gnu/7/:/usr/lib/gcc/x86_64-linux-gnu/7/:/usr/lib/gcc/x86_64-linux-gnu/:/usr/lib/gcc/x86_64-linux-gnu/7/:/usr/lib/gcc/x86_64-linux-gnu/
LIBRARY_PATH=/usr/lib/gcc/x86_64-linux-gnu/7/:/usr/lib/gcc/x86_64-linux-gnu/7/../../../x86_64-linux-gnu/:/usr/lib/gcc/x86_64-linux-gnu/7/../../../../lib/:/lib/x86_64-linux-gnu/:/lib/../lib/:/usr/lib/x86_64-linux-gnu/:/usr/lib/../lib/:/usr/lib/gcc/x86_64-linux-gnu/7/../../../:/lib/:/usr/lib/
COLLECT_GCC_OPTIONS='-v' '-rdynamic' '-o' 'cmTC_b4db9' '-mtune=generic' '-march=x86-64'
 /usr/lib/gcc/x86_64-linux-gnu/7/collect2 -plugin /usr/lib/gcc/x86_64-linux-gnu/7/liblto_plugin.so -plugin-opt=/usr/lib/gcc/x86_64-linux-gnu/7/lto-wrapper -plugin-opt=-fresolution=/tmp/cc8NcTfM.res -plugin-opt=-pass-through=-lgcc -plugin-opt=-pass-through=-lgcc_s -plugin-opt=-pass-through=-lc -plugin-opt=-pass-through=-lgcc -plugin-opt=-pass-through=-lgcc_s --build-id --eh-frame-hdr -m elf_x86_64 --hash-style=gnu --as-needed -export-dynamic -dynamic-linker /lib64/ld-linux-x86-64.so.2 -pie -z now -z relro -o cmTC_b4db9 /usr/lib/gcc/x86_64-linux-gnu/7/../../../x86_64-linux-gnu/Scrt1.o /usr/lib/gcc/x86_64-linux-gnu/7/../../../x86_64-linux-gnu/crti.o /usr/lib/gcc/x86_64-linux-gnu/7/crtbeginS.o -L/usr/lib/gcc/x86_64-linux-gnu/7 -L/usr/lib/gcc/x86_64-linux-gnu/7/../../../x86_64-linux-gnu -L/usr/lib/gcc/x86_64-linux-gnu/7/../../../../lib -L/lib/x86_64-linux-gnu -L/lib/../lib -L/usr/lib/x86_64-linux-gnu -L/usr/lib/../lib -L/usr/lib/gcc/x86_64-linux-gnu/7/../../.. CMakeFiles/cmTC_b4db9.dir/CMakeCCompilerABI.c.o -lgcc --push-state --as-needed -lgcc_s --pop-state -lc -lgcc --push-state --as-needed -lgcc_s --pop-state /usr/lib/gcc/x86_64-linux-gnu/7/crtendS.o /usr/lib/gcc/x86_64-linux-gnu/7/../../../x86_64-linux-gnu/crtn.o
COLLECT_GCC_OPTIONS='-v' '-rdynamic' '-o' 'cmTC_b4db9' '-mtune=generic' '-march=x86-64'
make[1]: Leaving directory '/home/nitish/ws_moveit/src/mongo-c-driver-1.19.2/cmake-build/CMakeFiles/CMakeTmp'


Parsed C implicit link information from above output:
  link line regex: [^( *|.*[/\])(ld|CMAKE_LINK_STARTFILE-NOTFOUND|([^/\]+-)?ld|collect2)[^/\]*( |$)]
  ignore line: [Change Dir: /home/nitish/ws_moveit/src/mongo-c-driver-1.19.2/cmake-build/CMakeFiles/CMakeTmp]
  ignore line: []
  ignore line: [Run Build Command:"/usr/bin/make" "cmTC_b4db9/fast"]
  ignore line: [/usr/bin/make -f CMakeFiles/cmTC_b4db9.dir/build.make CMakeFiles/cmTC_b4db9.dir/build]
  ignore line: [make[1]: Entering directory '/home/nitish/ws_moveit/src/mongo-c-driver-1.19.2/cmake-build/CMakeFiles/CMakeTmp']
  ignore line: [Building C object CMakeFiles/cmTC_b4db9.dir/CMakeCCompilerABI.c.o]
  ignore line: [/usr/lib/ccache/cc    -o CMakeFiles/cmTC_b4db9.dir/CMakeCCompilerABI.c.o   -c /usr/share/cmake-3.10/Modules/CMakeCCompilerABI.c]
  ignore line: [Linking C executable cmTC_b4db9]
  ignore line: [/usr/bin/cmake -E cmake_link_script CMakeFiles/cmTC_b4db9.dir/link.txt --verbose=1]
  ignore line: [/usr/lib/ccache/cc     -v -rdynamic CMakeFiles/cmTC_b4db9.dir/CMakeCCompilerABI.c.o  -o cmTC_b4db9 ]
  ignore line: [Using built-in specs.]
  ignore line: [COLLECT_GCC=/usr/bin/cc]
  ignore line: [COLLECT_LTO_WRAPPER=/usr/lib/gcc/x86_64-linux-gnu/7/lto-wrapper]
  ignore line: [OFFLOAD_TARGET_NAMES=nvptx-none]
  ignore line: [OFFLOAD_TARGET_DEFAULT=1]
  ignore line: [Target: x86_64-linux-gnu]
  ignore line: [Configured with: ../src/configure -v --with-pkgversion='Ubuntu 7.5.0-3ubuntu1~18.04' --with-bugurl=file:///usr/share/doc/gcc-7/README.Bugs --enable-languages=c,ada,c++,go,brig,d,fortran,objc,obj-c++ --prefix=/usr --with-gcc-major-version-only --program-suffix=-7 --program-prefix=x86_64-linux-gnu- --enable-shared --enable-linker-build-id --libexecdir=/usr/lib --without-included-gettext --enable-threads=posix --libdir=/usr/lib --enable-nls --enable-bootstrap --enable-clocale=gnu --enable-libstdcxx-debug --enable-libstdcxx-time=yes --with-default-libstdcxx-abi=new --enable-gnu-unique-object --disable-vtable-verify --enable-libmpx --enable-plugin --enable-default-pie --with-system-zlib --with-target-system-zlib --enable-objc-gc=auto --enable-multiarch --disable-werror --with-arch-32=i686 --with-abi=m64 --with-multilib-list=m32,m64,mx32 --enable-multilib --with-tune=generic --enable-offload-targets=nvptx-none --without-cuda-driver --enable-checking=release --build=x86_64-linux-gnu --host=x86_64-linux-gnu --target=x86_64-linux-gnu]
  ignore line: [Thread model: posix]
  ignore line: [gcc version 7.5.0 (Ubuntu 7.5.0-3ubuntu1~18.04) ]
  ignore line: [COMPILER_PATH=/usr/lib/gcc/x86_64-linux-gnu/7/:/usr/lib/gcc/x86_64-linux-gnu/7/:/usr/lib/gcc/x86_64-linux-gnu/:/usr/lib/gcc/x86_64-linux-gnu/7/:/usr/lib/gcc/x86_64-linux-gnu/]
  ignore line: [LIBRARY_PATH=/usr/lib/gcc/x86_64-linux-gnu/7/:/usr/lib/gcc/x86_64-linux-gnu/7/../../../x86_64-linux-gnu/:/usr/lib/gcc/x86_64-linux-gnu/7/../../../../lib/:/lib/x86_64-linux-gnu/:/lib/../lib/:/usr/lib/x86_64-linux-gnu/:/usr/lib/../lib/:/usr/lib/gcc/x86_64-linux-gnu/7/../../../:/lib/:/usr/lib/]
  ignore line: [COLLECT_GCC_OPTIONS='-v' '-rdynamic' '-o' 'cmTC_b4db9' '-mtune=generic' '-march=x86-64']
  link line: [ /usr/lib/gcc/x86_64-linux-gnu/7/collect2 -plugin /usr/lib/gcc/x86_64-linux-gnu/7/liblto_plugin.so -plugin-opt=/usr/lib/gcc/x86_64-linux-gnu/7/lto-wrapper -plugin-opt=-fresolution=/tmp/cc8NcTfM.res -plugin-opt=-pass-through=-lgcc -plugin-opt=-pass-through=-lgcc_s -plugin-opt=-pass-through=-lc -plugin-opt=-pass-through=-lgcc -plugin-opt=-pass-through=-lgcc_s --build-id --eh-frame-hdr -m elf_x86_64 --hash-style=gnu --as-needed -export-dynamic -dynamic-linker /lib64/ld-linux-x86-64.so.2 -pie -z now -z relro -o cmTC_b4db9 /usr/lib/gcc/x86_64-linux-gnu/7/../../../x86_64-linux-gnu/Scrt1.o /usr/lib/gcc/x86_64-linux-gnu/7/../../../x86_64-linux-gnu/crti.o /usr/lib/gcc/x86_64-linux-gnu/7/crtbeginS.o -L/usr/lib/gcc/x86_64-linux-gnu/7 -L/usr/lib/gcc/x86_64-linux-gnu/7/../../../x86_64-linux-gnu -L/usr/lib/gcc/x86_64-linux-gnu/7/../../../../lib -L/lib/x86_64-linux-gnu -L/lib/../lib -L/usr/lib/x86_64-linux-gnu -L/usr/lib/../lib -L/usr/lib/gcc/x86_64-linux-gnu/7/../../.. CMakeFiles/cmTC_b4db9.dir/CMakeCCompilerABI.c.o -lgcc --push-state --as-needed -lgcc_s --pop-state -lc -lgcc --push-state --as-needed -lgcc_s --pop-state /usr/lib/gcc/x86_64-linux-gnu/7/crtendS.o /usr/lib/gcc/x86_64-linux-gnu/7/../../../x86_64-linux-gnu/crtn.o]
    arg [/usr/lib/gcc/x86_64-linux-gnu/7/collect2] ==> ignore
    arg [-plugin] ==> ignore
    arg [/usr/lib/gcc/x86_64-linux-gnu/7/liblto_plugin.so] ==> ignore
    arg [-plugin-opt=/usr/lib/gcc/x86_64-linux-gnu/7/lto-wrapper] ==> ignore
    arg [-plugin-opt=-fresolution=/tmp/cc8NcTfM.res] ==> ignore
    arg [-plugin-opt=-pass-through=-lgcc] ==> ignore
    arg [-plugin-opt=-pass-through=-lgcc_s] ==> ignore
    arg [-plugin-opt=-pass-through=-lc] ==> ignore
    arg [-plugin-opt=-pass-through=-lgcc] ==> ignore
    arg [-plugin-opt=-pass-through=-lgcc_s] ==> ignore
    arg [--build-id] ==> ignore
    arg [--eh-frame-hdr] ==> ignore
    arg [-m] ==> ignore
    arg [elf_x86_64] ==> ignore
    arg [--hash-style=gnu] ==> ignore
    arg [--as-needed] ==> ignore
    arg [-export-dynamic] ==> ignore
    arg [-dynamic-linker] ==> ignore
    arg [/lib64/ld-linux-x86-64.so.2] ==> ignore
    arg [-pie] ==> ignore
    arg [-znow] ==> ignore
    arg [-zrelro] ==> ignore
    arg [-o] ==> ignore
    arg [cmTC_b4db9] ==> ignore
    arg [/usr/lib/gcc/x86_64-linux-gnu/7/../../../x86_64-linux-gnu/Scrt1.o] ==> ignore
    arg [/usr/lib/gcc/x86_64-linux-gnu/7/../../../x86_64-linux-gnu/crti.o] ==> ignore
    arg [/usr/lib/gcc/x86_64-linux-gnu/7/crtbeginS.o] ==> ignore
    arg [-L/usr/lib/gcc/x86_64-linux-gnu/7] ==> dir [/usr/lib/gcc/x86_64-linux-gnu/7]
    arg [-L/usr/lib/gcc/x86_64-linux-gnu/7/../../../x86_64-linux-gnu] ==> dir [/usr/lib/gcc/x86_64-linux-gnu/7/../../../x86_64-linux-gnu]
    arg [-L/usr/lib/gcc/x86_64-linux-gnu/7/../../../../lib] ==> dir [/usr/lib/gcc/x86_64-linux-gnu/7/../../../../lib]
    arg [-L/lib/x86_64-linux-gnu] ==> dir [/lib/x86_64-linux-gnu]
    arg [-L/lib/../lib] ==> dir [/lib/../lib]
    arg [-L/usr/lib/x86_64-linux-gnu] ==> dir [/usr/lib/x86_64-linux-gnu]
    arg [-L/usr/lib/../lib] ==> dir [/usr/lib/../lib]
    arg [-L/usr/lib/gcc/x86_64-linux-gnu/7/../../..] ==> dir [/usr/lib/gcc/x86_64-linux-gnu/7/../../..]
    arg [CMakeFiles/cmTC_b4db9.dir/CMakeCCompilerABI.c.o] ==> ignore
    arg [-lgcc] ==> lib [gcc]
    arg [--push-state] ==> ignore
    arg [--as-needed] ==> ignore
    arg [-lgcc_s] ==> lib [gcc_s]
    arg [--pop-state] ==> ignore
    arg [-lc] ==> lib [c]
    arg [-lgcc] ==> lib [gcc]
    arg [--push-state] ==> ignore
    arg [--as-needed] ==> ignore
    arg [-lgcc_s] ==> lib [gcc_s]
    arg [--pop-state] ==> ignore
    arg [/usr/lib/gcc/x86_64-linux-gnu/7/crtendS.o] ==> ignore
    arg [/usr/lib/gcc/x86_64-linux-gnu/7/../../../x86_64-linux-gnu/crtn.o] ==> ignore
  collapse library dir [/usr/lib/gcc/x86_64-linux-gnu/7] ==> [/usr/lib/gcc/x86_64-linux-gnu/7]
  collapse library dir [/usr/lib/gcc/x86_64-linux-gnu/7/../../../x86_64-linux-gnu] ==> [/usr/lib/x86_64-linux-gnu]
  collapse library dir [/usr/lib/gcc/x86_64-linux-gnu/7/../../../../lib] ==> [/usr/lib]
  collapse library dir [/lib/x86_64-linux-gnu] ==> [/lib/x86_64-linux-gnu]
  collapse library dir [/lib/../lib] ==> [/lib]
  collapse library dir [/usr/lib/x86_64-linux-gnu] ==> [/usr/lib/x86_64-linux-gnu]
  collapse library dir [/usr/lib/../lib] ==> [/usr/lib]
  collapse library dir [/usr/lib/gcc/x86_64-linux-gnu/7/../../..] ==> [/usr/lib]
  implicit libs: [gcc;gcc_s;c;gcc;gcc_s]
  implicit dirs: [/usr/lib/gcc/x86_64-linux-gnu/7;/usr/lib/x86_64-linux-gnu;/usr/lib;/lib/x86_64-linux-gnu;/lib]
  implicit fwks: []




Detecting C [-std=c11] compiler features compiled with the following output:
Change Dir: /home/nitish/ws_moveit/src/mongo-c-driver-1.19.2/cmake-build/CMakeFiles/CMakeTmp

Run Build Command:"/usr/bin/make" "cmTC_c7ea5/fast"
/usr/bin/make -f CMakeFiles/cmTC_c7ea5.dir/build.make CMakeFiles/cmTC_c7ea5.dir/build
make[1]: Entering directory '/home/nitish/ws_moveit/src/mongo-c-driver-1.19.2/cmake-build/CMakeFiles/CMakeTmp'
Building C object CMakeFiles/cmTC_c7ea5.dir/feature_tests.c.o
/usr/lib/ccache/cc   -std=c11 -o CMakeFiles/cmTC_c7ea5.dir/feature_tests.c.o   -c /home/nitish/ws_moveit/src/mongo-c-driver-1.19.2/cmake-build/CMakeFiles/feature_tests.c
Linking C executable cmTC_c7ea5
/usr/bin/cmake -E cmake_link_script CMakeFiles/cmTC_c7ea5.dir/link.txt --verbose=1
/usr/lib/ccache/cc      -rdynamic CMakeFiles/cmTC_c7ea5.dir/feature_tests.c.o  -o cmTC_c7ea5 
make[1]: Leaving directory '/home/nitish/ws_moveit/src/mongo-c-driver-1.19.2/cmake-build/CMakeFiles/CMakeTmp'


    Feature record: C_FEATURE:1c_function_prototypes
    Feature record: C_FEATURE:1c_restrict
    Feature record: C_FEATURE:1c_static_assert
    Feature record: C_FEATURE:1c_variadic_macros


Detecting C [-std=c99] compiler features compiled with the following output:
Change Dir: /home/nitish/ws_moveit/src/mongo-c-driver-1.19.2/cmake-build/CMakeFiles/CMakeTmp

Run Build Command:"/usr/bin/make" "cmTC_9f9d5/fast"
/usr/bin/make -f CMakeFiles/cmTC_9f9d5.dir/build.make CMakeFiles/cmTC_9f9d5.dir/build
make[1]: Entering directory '/home/nitish/ws_moveit/src/mongo-c-driver-1.19.2/cmake-build/CMakeFiles/CMakeTmp'
Building C object CMakeFiles/cmTC_9f9d5.dir/feature_tests.c.o
/usr/lib/ccache/cc   -std=c99 -o CMakeFiles/cmTC_9f9d5.dir/feature_tests.c.o   -c /home/nitish/ws_moveit/src/mongo-c-driver-1.19.2/cmake-build/CMakeFiles/feature_tests.c
Linking C executable cmTC_9f9d5
/usr/bin/cmake -E cmake_link_script CMakeFiles/cmTC_9f9d5.dir/link.txt --verbose=1
/usr/lib/ccache/cc      -rdynamic CMakeFiles/cmTC_9f9d5.dir/feature_tests.c.o  -o cmTC_9f9d5 
make[1]: Leaving directory '/home/nitish/ws_moveit/src/mongo-c-driver-1.19.2/cmake-build/CMakeFiles/CMakeTmp'


    Feature record: C_FEATURE:1c_function_prototypes
    Feature record: C_FEATURE:1c_restrict
    Feature record: C_FEATURE:0c_static_assert
    Feature record: C_FEATURE:1c_variadic_macros


Detecting C [-std=c90] compiler features compiled with the following output:
Change Dir: /home/nitish/ws_moveit/src/mongo-c-driver-1.19.2/cmake-build/CMakeFiles/CMakeTmp

Run Build Command:"/usr/bin/make" "cmTC_da3c8/fast"
/usr/bin/make -f CMakeFiles/cmTC_da3c8.dir/build.make CMakeFiles/cmTC_da3c8.dir/build
make[1]: Entering directory '/home/nitish/ws_moveit/src/mongo-c-driver-1.19.2/cmake-build/CMakeFiles/CMakeTmp'
Building C object CMakeFiles/cmTC_da3c8.dir/feature_tests.c.o
/usr/lib/ccache/cc   -std=c90 -o CMakeFiles/cmTC_da3c8.dir/feature_tests.c.o   -c /home/nitish/ws_moveit/src/mongo-c-driver-1.19.2/cmake-build/CMakeFiles/feature_tests.c
Linking C executable cmTC_da3c8
/usr/bin/cmake -E cmake_link_script CMakeFiles/cmTC_da3c8.dir/link.txt --verbose=1
/usr/lib/ccache/cc      -rdynamic CMakeFiles/cmTC_da3c8.dir/feature_tests.c.o  -o cmTC_da3c8 
make[1]: Leaving directory '/home/nitish/ws_moveit/src/mongo-c-driver-1.19.2/cmake-build/CMakeFiles/CMakeTmp'


    Feature record: C_FEATURE:1c_function_prototypes
    Feature record: C_FEATURE:0c_restrict
    Feature record: C_FEATURE:0c_static_assert
    Feature record: C_FEATURE:0c_variadic_macros
Determining if the include file sys/types.h exists passed with the following output:
Change Dir: /home/nitish/ws_moveit/src/mongo-c-driver-1.19.2/cmake-build/CMakeFiles/CMakeTmp

Run Build Command:"/usr/bin/make" "cmTC_67fa7/fast"
/usr/bin/make -f CMakeFiles/cmTC_67fa7.dir/build.make CMakeFiles/cmTC_67fa7.dir/build
make[1]: Entering directory '/home/nitish/ws_moveit/src/mongo-c-driver-1.19.2/cmake-build/CMakeFiles/CMakeTmp'
Building C object CMakeFiles/cmTC_67fa7.dir/CheckIncludeFile.c.o
/usr/lib/ccache/cc    -o CMakeFiles/cmTC_67fa7.dir/CheckIncludeFile.c.o   -c /home/nitish/ws_moveit/src/mongo-c-driver-1.19.2/cmake-build/CMakeFiles/CMakeTmp/CheckIncludeFile.c
Linking C executable cmTC_67fa7
/usr/bin/cmake -E cmake_link_script CMakeFiles/cmTC_67fa7.dir/link.txt --verbose=1
/usr/lib/ccache/cc      -rdynamic CMakeFiles/cmTC_67fa7.dir/CheckIncludeFile.c.o  -o cmTC_67fa7 
make[1]: Leaving directory '/home/nitish/ws_moveit/src/mongo-c-driver-1.19.2/cmake-build/CMakeFiles/CMakeTmp'


Determining if the include file stdint.h exists passed with the following output:
Change Dir: /home/nitish/ws_moveit/src/mongo-c-driver-1.19.2/cmake-build/CMakeFiles/CMakeTmp

Run Build Command:"/usr/bin/make" "cmTC_32913/fast"
/usr/bin/make -f CMakeFiles/cmTC_32913.dir/build.make CMakeFiles/cmTC_32913.dir/build
make[1]: Entering directory '/home/nitish/ws_moveit/src/mongo-c-driver-1.19.2/cmake-build/CMakeFiles/CMakeTmp'
Building C object CMakeFiles/cmTC_32913.dir/CheckIncludeFile.c.o
/usr/lib/ccache/cc    -o CMakeFiles/cmTC_32913.dir/CheckIncludeFile.c.o   -c /home/nitish/ws_moveit/src/mongo-c-driver-1.19.2/cmake-build/CMakeFiles/CMakeTmp/CheckIncludeFile.c
Linking C executable cmTC_32913
/usr/bin/cmake -E cmake_link_script CMakeFiles/cmTC_32913.dir/link.txt --verbose=1
/usr/lib/ccache/cc      -rdynamic CMakeFiles/cmTC_32913.dir/CheckIncludeFile.c.o  -o cmTC_32913 
make[1]: Leaving directory '/home/nitish/ws_moveit/src/mongo-c-driver-1.19.2/cmake-build/CMakeFiles/CMakeTmp'


Determining if the include file stddef.h exists passed with the following output:
Change Dir: /home/nitish/ws_moveit/src/mongo-c-driver-1.19.2/cmake-build/CMakeFiles/CMakeTmp

Run Build Command:"/usr/bin/make" "cmTC_2c954/fast"
/usr/bin/make -f CMakeFiles/cmTC_2c954.dir/build.make CMakeFiles/cmTC_2c954.dir/build
make[1]: Entering directory '/home/nitish/ws_moveit/src/mongo-c-driver-1.19.2/cmake-build/CMakeFiles/CMakeTmp'
Building C object CMakeFiles/cmTC_2c954.dir/CheckIncludeFile.c.o
/usr/lib/ccache/cc    -o CMakeFiles/cmTC_2c954.dir/CheckIncludeFile.c.o   -c /home/nitish/ws_moveit/src/mongo-c-driver-1.19.2/cmake-build/CMakeFiles/CMakeTmp/CheckIncludeFile.c
Linking C executable cmTC_2c954
/usr/bin/cmake -E cmake_link_script CMakeFiles/cmTC_2c954.dir/link.txt --verbose=1
/usr/lib/ccache/cc      -rdynamic CMakeFiles/cmTC_2c954.dir/CheckIncludeFile.c.o  -o cmTC_2c954 
make[1]: Leaving directory '/home/nitish/ws_moveit/src/mongo-c-driver-1.19.2/cmake-build/CMakeFiles/CMakeTmp'


Determining size of unsigned short passed with the following output:
Change Dir: /home/nitish/ws_moveit/src/mongo-c-driver-1.19.2/cmake-build/CMakeFiles/CMakeTmp

Run Build Command:"/usr/bin/make" "cmTC_29600/fast"
/usr/bin/make -f CMakeFiles/cmTC_29600.dir/build.make CMakeFiles/cmTC_29600.dir/build
make[1]: Entering directory '/home/nitish/ws_moveit/src/mongo-c-driver-1.19.2/cmake-build/CMakeFiles/CMakeTmp'
Building C object CMakeFiles/cmTC_29600.dir/CMAKE_SIZEOF_UNSIGNED_SHORT.c.o
/usr/lib/ccache/cc    -o CMakeFiles/cmTC_29600.dir/CMAKE_SIZEOF_UNSIGNED_SHORT.c.o   -c /home/nitish/ws_moveit/src/mongo-c-driver-1.19.2/cmake-build/CMakeFiles/CheckTypeSize/CMAKE_SIZEOF_UNSIGNED_SHORT.c
Linking C executable cmTC_29600
/usr/bin/cmake -E cmake_link_script CMakeFiles/cmTC_29600.dir/link.txt --verbose=1
/usr/lib/ccache/cc      -rdynamic CMakeFiles/cmTC_29600.dir/CMAKE_SIZEOF_UNSIGNED_SHORT.c.o  -o cmTC_29600 
make[1]: Leaving directory '/home/nitish/ws_moveit/src/mongo-c-driver-1.19.2/cmake-build/CMakeFiles/CMakeTmp'


Determining if the system is big endian passed with the following output:
Change Dir: /home/nitish/ws_moveit/src/mongo-c-driver-1.19.2/cmake-build/CMakeFiles/CMakeTmp

Run Build Command:"/usr/bin/make" "cmTC_7c2f8/fast"
/usr/bin/make -f CMakeFiles/cmTC_7c2f8.dir/build.make CMakeFiles/cmTC_7c2f8.dir/build
make[1]: Entering directory '/home/nitish/ws_moveit/src/mongo-c-driver-1.19.2/cmake-build/CMakeFiles/CMakeTmp'
Building C object CMakeFiles/cmTC_7c2f8.dir/TestEndianess.c.o
/usr/lib/ccache/cc    -o CMakeFiles/cmTC_7c2f8.dir/TestEndianess.c.o   -c /home/nitish/ws_moveit/src/mongo-c-driver-1.19.2/cmake-build/CMakeFiles/CMakeTmp/TestEndianess.c
Linking C executable cmTC_7c2f8
/usr/bin/cmake -E cmake_link_script CMakeFiles/cmTC_7c2f8.dir/link.txt --verbose=1
/usr/lib/ccache/cc      -rdynamic CMakeFiles/cmTC_7c2f8.dir/TestEndianess.c.o  -o cmTC_7c2f8 
make[1]: Leaving directory '/home/nitish/ws_moveit/src/mongo-c-driver-1.19.2/cmake-build/CMakeFiles/CMakeTmp'

TestEndianess.c:
/* A 16 bit integer is required. */
typedef unsigned short cmakeint16;

/* On a little endian machine, these 16bit ints will give "THIS IS LITTLE ENDIAN."
   On a big endian machine the characters will be exchanged pairwise. */
const cmakeint16 info_little[] =  {0x4854, 0x5349, 0x4920, 0x2053, 0x494c, 0x5454, 0x454c, 0x4520, 0x444e, 0x4149, 0x2e4e, 0x0000};

/* on a big endian machine, these 16bit ints will give "THIS IS BIG ENDIAN."
   On a little endian machine the characters will be exchanged pairwise. */
const cmakeint16 info_big[] =     {0x5448, 0x4953, 0x2049, 0x5320, 0x4249, 0x4720, 0x454e, 0x4449, 0x414e, 0x2e2e, 0x0000};

#ifdef __CLASSIC_C__
int main(argc, argv) int argc; char *argv[];
#else
int main(int argc, char *argv[])
#endif
{
  int require = 0;
  require += info_little[argc];
  require += info_big[argc];
  (void)argv;
  return require;
}


Determining if the snprintf exist passed with the following output:
Change Dir: /home/nitish/ws_moveit/src/mongo-c-driver-1.19.2/cmake-build/CMakeFiles/CMakeTmp

Run Build Command:"/usr/bin/make" "cmTC_106ca/fast"
/usr/bin/make -f CMakeFiles/cmTC_106ca.dir/build.make CMakeFiles/cmTC_106ca.dir/build
make[1]: Entering directory '/home/nitish/ws_moveit/src/mongo-c-driver-1.19.2/cmake-build/CMakeFiles/CMakeTmp'
Building C object CMakeFiles/cmTC_106ca.dir/CheckSymbolExists.c.o
/usr/lib/ccache/cc    -o CMakeFiles/cmTC_106ca.dir/CheckSymbolExists.c.o   -c /home/nitish/ws_moveit/src/mongo-c-driver-1.19.2/cmake-build/CMakeFiles/CMakeTmp/CheckSymbolExists.c
Linking C executable cmTC_106ca
/usr/bin/cmake -E cmake_link_script CMakeFiles/cmTC_106ca.dir/link.txt --verbose=1
/usr/lib/ccache/cc      -rdynamic CMakeFiles/cmTC_106ca.dir/CheckSymbolExists.c.o  -o cmTC_106ca /usr/lib/x86_64-linux-gnu/librt.so 
make[1]: Leaving directory '/home/nitish/ws_moveit/src/mongo-c-driver-1.19.2/cmake-build/CMakeFiles/CMakeTmp'

File /home/nitish/ws_moveit/src/mongo-c-driver-1.19.2/cmake-build/CMakeFiles/CMakeTmp/CheckSymbolExists.c:
/* */
#include <stdio.h>

int main(int argc, char** argv)
{
  (void)argv;
#ifndef snprintf
  return ((int*)(&snprintf))[argc];
#else
  (void)argc;
  return 0;
#endif
}

Performing C SOURCE FILE Test BSON_HAVE_TIMESPEC succeeded with the following output:
Change Dir: /home/nitish/ws_moveit/src/mongo-c-driver-1.19.2/cmake-build/CMakeFiles/CMakeTmp

Run Build Command:"/usr/bin/make" "cmTC_74caf/fast"
/usr/bin/make -f CMakeFiles/cmTC_74caf.dir/build.make CMakeFiles/cmTC_74caf.dir/build
make[1]: Entering directory '/home/nitish/ws_moveit/src/mongo-c-driver-1.19.2/cmake-build/CMakeFiles/CMakeTmp'
Building C object CMakeFiles/cmTC_74caf.dir/src.c.o
/usr/lib/ccache/cc   -DBSON_HAVE_TIMESPEC   -o CMakeFiles/cmTC_74caf.dir/src.c.o   -c /home/nitish/ws_moveit/src/mongo-c-driver-1.19.2/cmake-build/CMakeFiles/CMakeTmp/src.c
Linking C executable cmTC_74caf
/usr/bin/cmake -E cmake_link_script CMakeFiles/cmTC_74caf.dir/link.txt --verbose=1
/usr/lib/ccache/cc  -DBSON_HAVE_TIMESPEC    -rdynamic CMakeFiles/cmTC_74caf.dir/src.c.o  -o cmTC_74caf /usr/lib/x86_64-linux-gnu/librt.so 
make[1]: Leaving directory '/home/nitish/ws_moveit/src/mongo-c-driver-1.19.2/cmake-build/CMakeFiles/CMakeTmp'

Source file was:

#include <time.h>

int main()
{
   (void)sizeof(((struct timespec *)0)->tv_sec);
   return 0;
}

Determining if the gmtime_r exist passed with the following output:
Change Dir: /home/nitish/ws_moveit/src/mongo-c-driver-1.19.2/cmake-build/CMakeFiles/CMakeTmp

Run Build Command:"/usr/bin/make" "cmTC_b1e32/fast"
/usr/bin/make -f CMakeFiles/cmTC_b1e32.dir/build.make CMakeFiles/cmTC_b1e32.dir/build
make[1]: Entering directory '/home/nitish/ws_moveit/src/mongo-c-driver-1.19.2/cmake-build/CMakeFiles/CMakeTmp'
Building C object CMakeFiles/cmTC_b1e32.dir/CheckSymbolExists.c.o
/usr/lib/ccache/cc    -o CMakeFiles/cmTC_b1e32.dir/CheckSymbolExists.c.o   -c /home/nitish/ws_moveit/src/mongo-c-driver-1.19.2/cmake-build/CMakeFiles/CMakeTmp/CheckSymbolExists.c
Linking C executable cmTC_b1e32
/usr/bin/cmake -E cmake_link_script CMakeFiles/cmTC_b1e32.dir/link.txt --verbose=1
/usr/lib/ccache/cc      -rdynamic CMakeFiles/cmTC_b1e32.dir/CheckSymbolExists.c.o  -o cmTC_b1e32 /usr/lib/x86_64-linux-gnu/librt.so 
make[1]: Leaving directory '/home/nitish/ws_moveit/src/mongo-c-driver-1.19.2/cmake-build/CMakeFiles/CMakeTmp'

File /home/nitish/ws_moveit/src/mongo-c-driver-1.19.2/cmake-build/CMakeFiles/CMakeTmp/CheckSymbolExists.c:
/* */
#include <time.h>

int main(int argc, char** argv)
{
  (void)argv;
#ifndef gmtime_r
  return ((int*)(&gmtime_r))[argc];
#else
  (void)argc;
  return 0;
#endif
}

Determining if the function rand_r exists passed with the following output:
Change Dir: /home/nitish/ws_moveit/src/mongo-c-driver-1.19.2/cmake-build/CMakeFiles/CMakeTmp

Run Build Command:"/usr/bin/make" "cmTC_e665a/fast"
/usr/bin/make -f CMakeFiles/cmTC_e665a.dir/build.make CMakeFiles/cmTC_e665a.dir/build
make[1]: Entering directory '/home/nitish/ws_moveit/src/mongo-c-driver-1.19.2/cmake-build/CMakeFiles/CMakeTmp'
Building C object CMakeFiles/cmTC_e665a.dir/CheckFunctionExists.c.o
/usr/lib/ccache/cc   -DCHECK_FUNCTION_EXISTS=rand_r   -o CMakeFiles/cmTC_e665a.dir/CheckFunctionExists.c.o   -c /usr/share/cmake-3.10/Modules/CheckFunctionExists.c
Linking C executable cmTC_e665a
/usr/bin/cmake -E cmake_link_script CMakeFiles/cmTC_e665a.dir/link.txt --verbose=1
/usr/lib/ccache/cc  -DCHECK_FUNCTION_EXISTS=rand_r    -rdynamic CMakeFiles/cmTC_e665a.dir/CheckFunctionExists.c.o  -o cmTC_e665a /usr/lib/x86_64-linux-gnu/librt.so 
make[1]: Leaving directory '/home/nitish/ws_moveit/src/mongo-c-driver-1.19.2/cmake-build/CMakeFiles/CMakeTmp'


Determining if the include file strings.h exists passed with the following output:
Change Dir: /home/nitish/ws_moveit/src/mongo-c-driver-1.19.2/cmake-build/CMakeFiles/CMakeTmp

Run Build Command:"/usr/bin/make" "cmTC_c3cf4/fast"
/usr/bin/make -f CMakeFiles/cmTC_c3cf4.dir/build.make CMakeFiles/cmTC_c3cf4.dir/build
make[1]: Entering directory '/home/nitish/ws_moveit/src/mongo-c-driver-1.19.2/cmake-build/CMakeFiles/CMakeTmp'
Building C object CMakeFiles/cmTC_c3cf4.dir/CheckIncludeFile.c.o
/usr/lib/ccache/cc    -o CMakeFiles/cmTC_c3cf4.dir/CheckIncludeFile.c.o   -c /home/nitish/ws_moveit/src/mongo-c-driver-1.19.2/cmake-build/CMakeFiles/CMakeTmp/CheckIncludeFile.c
Linking C executable cmTC_c3cf4
/usr/bin/cmake -E cmake_link_script CMakeFiles/cmTC_c3cf4.dir/link.txt --verbose=1
/usr/lib/ccache/cc      -rdynamic CMakeFiles/cmTC_c3cf4.dir/CheckIncludeFile.c.o  -o cmTC_c3cf4 
make[1]: Leaving directory '/home/nitish/ws_moveit/src/mongo-c-driver-1.19.2/cmake-build/CMakeFiles/CMakeTmp'


Determining if the clock_gettime exist passed with the following output:
Change Dir: /home/nitish/ws_moveit/src/mongo-c-driver-1.19.2/cmake-build/CMakeFiles/CMakeTmp

Run Build Command:"/usr/bin/make" "cmTC_1ad2c/fast"
/usr/bin/make -f CMakeFiles/cmTC_1ad2c.dir/build.make CMakeFiles/cmTC_1ad2c.dir/build
make[1]: Entering directory '/home/nitish/ws_moveit/src/mongo-c-driver-1.19.2/cmake-build/CMakeFiles/CMakeTmp'
Building C object CMakeFiles/cmTC_1ad2c.dir/CheckSymbolExists.c.o
/usr/lib/ccache/cc    -o CMakeFiles/cmTC_1ad2c.dir/CheckSymbolExists.c.o   -c /home/nitish/ws_moveit/src/mongo-c-driver-1.19.2/cmake-build/CMakeFiles/CMakeTmp/CheckSymbolExists.c
Linking C executable cmTC_1ad2c
/usr/bin/cmake -E cmake_link_script CMakeFiles/cmTC_1ad2c.dir/link.txt --verbose=1
/usr/lib/ccache/cc      -rdynamic CMakeFiles/cmTC_1ad2c.dir/CheckSymbolExists.c.o  -o cmTC_1ad2c /usr/lib/x86_64-linux-gnu/librt.so 
make[1]: Leaving directory '/home/nitish/ws_moveit/src/mongo-c-driver-1.19.2/cmake-build/CMakeFiles/CMakeTmp'

File /home/nitish/ws_moveit/src/mongo-c-driver-1.19.2/cmake-build/CMakeFiles/CMakeTmp/CheckSymbolExists.c:
/* */
#include <time.h>

int main(int argc, char** argv)
{
  (void)argv;
#ifndef clock_gettime
  return ((int*)(&clock_gettime))[argc];
#else
  (void)argc;
  return 0;
#endif
}

Determining if the strnlen exist passed with the following output:
Change Dir: /home/nitish/ws_moveit/src/mongo-c-driver-1.19.2/cmake-build/CMakeFiles/CMakeTmp

Run Build Command:"/usr/bin/make" "cmTC_12ae5/fast"
/usr/bin/make -f CMakeFiles/cmTC_12ae5.dir/build.make CMakeFiles/cmTC_12ae5.dir/build
make[1]: Entering directory '/home/nitish/ws_moveit/src/mongo-c-driver-1.19.2/cmake-build/CMakeFiles/CMakeTmp'
Building C object CMakeFiles/cmTC_12ae5.dir/CheckSymbolExists.c.o
/usr/lib/ccache/cc    -o CMakeFiles/cmTC_12ae5.dir/CheckSymbolExists.c.o   -c /home/nitish/ws_moveit/src/mongo-c-driver-1.19.2/cmake-build/CMakeFiles/CMakeTmp/CheckSymbolExists.c
Linking C executable cmTC_12ae5
/usr/bin/cmake -E cmake_link_script CMakeFiles/cmTC_12ae5.dir/link.txt --verbose=1
/usr/lib/ccache/cc      -rdynamic CMakeFiles/cmTC_12ae5.dir/CheckSymbolExists.c.o  -o cmTC_12ae5 /usr/lib/x86_64-linux-gnu/librt.so 
make[1]: Leaving directory '/home/nitish/ws_moveit/src/mongo-c-driver-1.19.2/cmake-build/CMakeFiles/CMakeTmp'

File /home/nitish/ws_moveit/src/mongo-c-driver-1.19.2/cmake-build/CMakeFiles/CMakeTmp/CheckSymbolExists.c:
/* */
#include <string.h>

int main(int argc, char** argv)
{
  (void)argv;
#ifndef strnlen
  return ((int*)(&strnlen))[argc];
#else
  (void)argc;
  return 0;
#endif
}

Determining if the include file stdbool.h exists passed with the following output:
Change Dir: /home/nitish/ws_moveit/src/mongo-c-driver-1.19.2/cmake-build/CMakeFiles/CMakeTmp

Run Build Command:"/usr/bin/make" "cmTC_70baf/fast"
/usr/bin/make -f CMakeFiles/cmTC_70baf.dir/build.make CMakeFiles/cmTC_70baf.dir/build
make[1]: Entering directory '/home/nitish/ws_moveit/src/mongo-c-driver-1.19.2/cmake-build/CMakeFiles/CMakeTmp'
Building C object CMakeFiles/cmTC_70baf.dir/CheckIncludeFile.c.o
/usr/lib/ccache/cc    -o CMakeFiles/cmTC_70baf.dir/CheckIncludeFile.c.o   -c /home/nitish/ws_moveit/src/mongo-c-driver-1.19.2/cmake-build/CMakeFiles/CMakeTmp/CheckIncludeFile.c
Linking C executable cmTC_70baf
/usr/bin/cmake -E cmake_link_script CMakeFiles/cmTC_70baf.dir/link.txt --verbose=1
/usr/lib/ccache/cc      -rdynamic CMakeFiles/cmTC_70baf.dir/CheckIncludeFile.c.o  -o cmTC_70baf 
make[1]: Leaving directory '/home/nitish/ws_moveit/src/mongo-c-driver-1.19.2/cmake-build/CMakeFiles/CMakeTmp'


Determining if the SYS_gettid exist passed with the following output:
Change Dir: /home/nitish/ws_moveit/src/mongo-c-driver-1.19.2/cmake-build/CMakeFiles/CMakeTmp

Run Build Command:"/usr/bin/make" "cmTC_eff1a/fast"
/usr/bin/make -f CMakeFiles/cmTC_eff1a.dir/build.make CMakeFiles/cmTC_eff1a.dir/build
make[1]: Entering directory '/home/nitish/ws_moveit/src/mongo-c-driver-1.19.2/cmake-build/CMakeFiles/CMakeTmp'
Building C object CMakeFiles/cmTC_eff1a.dir/CheckSymbolExists.c.o
/usr/lib/ccache/cc    -o CMakeFiles/cmTC_eff1a.dir/CheckSymbolExists.c.o   -c /home/nitish/ws_moveit/src/mongo-c-driver-1.19.2/cmake-build/CMakeFiles/CMakeTmp/CheckSymbolExists.c
Linking C executable cmTC_eff1a
/usr/bin/cmake -E cmake_link_script CMakeFiles/cmTC_eff1a.dir/link.txt --verbose=1
/usr/lib/ccache/cc      -rdynamic CMakeFiles/cmTC_eff1a.dir/CheckSymbolExists.c.o  -o cmTC_eff1a /usr/lib/x86_64-linux-gnu/librt.so 
make[1]: Leaving directory '/home/nitish/ws_moveit/src/mongo-c-driver-1.19.2/cmake-build/CMakeFiles/CMakeTmp'

File /home/nitish/ws_moveit/src/mongo-c-driver-1.19.2/cmake-build/CMakeFiles/CMakeTmp/CheckSymbolExists.c:
/* */
#include <sys/syscall.h>

int main(int argc, char** argv)
{
  (void)argv;
#ifndef SYS_gettid
  return ((int*)(&SYS_gettid))[argc];
#else
  (void)argc;
  return 0;
#endif
}

Determining if the syscall exist passed with the following output:
Change Dir: /home/nitish/ws_moveit/src/mongo-c-driver-1.19.2/cmake-build/CMakeFiles/CMakeTmp

Run Build Command:"/usr/bin/make" "cmTC_fbed7/fast"
/usr/bin/make -f CMakeFiles/cmTC_fbed7.dir/build.make CMakeFiles/cmTC_fbed7.dir/build
make[1]: Entering directory '/home/nitish/ws_moveit/src/mongo-c-driver-1.19.2/cmake-build/CMakeFiles/CMakeTmp'
Building C object CMakeFiles/cmTC_fbed7.dir/CheckSymbolExists.c.o
/usr/lib/ccache/cc    -o CMakeFiles/cmTC_fbed7.dir/CheckSymbolExists.c.o   -c /home/nitish/ws_moveit/src/mongo-c-driver-1.19.2/cmake-build/CMakeFiles/CMakeTmp/CheckSymbolExists.c
Linking C executable cmTC_fbed7
/usr/bin/cmake -E cmake_link_script CMakeFiles/cmTC_fbed7.dir/link.txt --verbose=1
/usr/lib/ccache/cc      -rdynamic CMakeFiles/cmTC_fbed7.dir/CheckSymbolExists.c.o  -o cmTC_fbed7 /usr/lib/x86_64-linux-gnu/librt.so 
make[1]: Leaving directory '/home/nitish/ws_moveit/src/mongo-c-driver-1.19.2/cmake-build/CMakeFiles/CMakeTmp'

File /home/nitish/ws_moveit/src/mongo-c-driver-1.19.2/cmake-build/CMakeFiles/CMakeTmp/CheckSymbolExists.c:
/* */
#include <unistd.h>

int main(int argc, char** argv)
{
  (void)argv;
#ifndef syscall
  return ((int*)(&syscall))[argc];
#else
  (void)argc;
  return 0;
#endif
}

Performing C SOURCE FILE Test HAVE_ATOMIC_32_ADD_AND_FETCH succeeded with the following output:
Change Dir: /home/nitish/ws_moveit/src/mongo-c-driver-1.19.2/cmake-build/CMakeFiles/CMakeTmp

Run Build Command:"/usr/bin/make" "cmTC_2c14f/fast"
/usr/bin/make -f CMakeFiles/cmTC_2c14f.dir/build.make CMakeFiles/cmTC_2c14f.dir/build
make[1]: Entering directory '/home/nitish/ws_moveit/src/mongo-c-driver-1.19.2/cmake-build/CMakeFiles/CMakeTmp'
Building C object CMakeFiles/cmTC_2c14f.dir/src.c.o
/usr/lib/ccache/cc   -DHAVE_ATOMIC_32_ADD_AND_FETCH   -o CMakeFiles/cmTC_2c14f.dir/src.c.o   -c /home/nitish/ws_moveit/src/mongo-c-driver-1.19.2/cmake-build/CMakeFiles/CMakeTmp/src.c
Linking C executable cmTC_2c14f
/usr/bin/cmake -E cmake_link_script CMakeFiles/cmTC_2c14f.dir/link.txt --verbose=1
/usr/lib/ccache/cc  -DHAVE_ATOMIC_32_ADD_AND_FETCH    -rdynamic CMakeFiles/cmTC_2c14f.dir/src.c.o  -o cmTC_2c14f /usr/lib/x86_64-linux-gnu/librt.so 
make[1]: Leaving directory '/home/nitish/ws_moveit/src/mongo-c-driver-1.19.2/cmake-build/CMakeFiles/CMakeTmp'

Source file was:

   #include <stdint.h>

   int
   main ()
   {
      int32_t v = 1;
      return __sync_add_and_fetch_4 (&v, (int32_t) 10);
   }
Performing C SOURCE FILE Test HAVE_ATOMIC_64_ADD_AND_FETCH succeeded with the following output:
Change Dir: /home/nitish/ws_moveit/src/mongo-c-driver-1.19.2/cmake-build/CMakeFiles/CMakeTmp

Run Build Command:"/usr/bin/make" "cmTC_be943/fast"
/usr/bin/make -f CMakeFiles/cmTC_be943.dir/build.make CMakeFiles/cmTC_be943.dir/build
make[1]: Entering directory '/home/nitish/ws_moveit/src/mongo-c-driver-1.19.2/cmake-build/CMakeFiles/CMakeTmp'
Building C object CMakeFiles/cmTC_be943.dir/src.c.o
/usr/lib/ccache/cc   -DHAVE_ATOMIC_64_ADD_AND_FETCH   -o CMakeFiles/cmTC_be943.dir/src.c.o   -c /home/nitish/ws_moveit/src/mongo-c-driver-1.19.2/cmake-build/CMakeFiles/CMakeTmp/src.c
Linking C executable cmTC_be943
/usr/bin/cmake -E cmake_link_script CMakeFiles/cmTC_be943.dir/link.txt --verbose=1
/usr/lib/ccache/cc  -DHAVE_ATOMIC_64_ADD_AND_FETCH    -rdynamic CMakeFiles/cmTC_be943.dir/src.c.o  -o cmTC_be943 /usr/lib/x86_64-linux-gnu/librt.so 
make[1]: Leaving directory '/home/nitish/ws_moveit/src/mongo-c-driver-1.19.2/cmake-build/CMakeFiles/CMakeTmp'

Source file was:

   #include <stdint.h>

   int
   main ()
   {
      int64_t v = 1;
      return __sync_add_and_fetch_8 (&v, (int64_t) 10);
   }
Determining if the include file pthread.h exists passed with the following output:
Change Dir: /home/nitish/ws_moveit/src/mongo-c-driver-1.19.2/cmake-build/CMakeFiles/CMakeTmp

Run Build Command:"/usr/bin/make" "cmTC_690a9/fast"
/usr/bin/make -f CMakeFiles/cmTC_690a9.dir/build.make CMakeFiles/cmTC_690a9.dir/build
make[1]: Entering directory '/home/nitish/ws_moveit/src/mongo-c-driver-1.19.2/cmake-build/CMakeFiles/CMakeTmp'
Building C object CMakeFiles/cmTC_690a9.dir/CheckIncludeFile.c.o
/usr/lib/ccache/cc    -o CMakeFiles/cmTC_690a9.dir/CheckIncludeFile.c.o   -c /home/nitish/ws_moveit/src/mongo-c-driver-1.19.2/cmake-build/CMakeFiles/CMakeTmp/CheckIncludeFile.c
Linking C executable cmTC_690a9
/usr/bin/cmake -E cmake_link_script CMakeFiles/cmTC_690a9.dir/link.txt --verbose=1
/usr/lib/ccache/cc      -rdynamic CMakeFiles/cmTC_690a9.dir/CheckIncludeFile.c.o  -o cmTC_690a9 
make[1]: Leaving directory '/home/nitish/ws_moveit/src/mongo-c-driver-1.19.2/cmake-build/CMakeFiles/CMakeTmp'


Determining if files unistd.h exist passed with the following output:
Change Dir: /home/nitish/ws_moveit/src/mongo-c-driver-1.19.2/cmake-build/CMakeFiles/CMakeTmp

Run Build Command:"/usr/bin/make" "cmTC_99085/fast"
/usr/bin/make -f CMakeFiles/cmTC_99085.dir/build.make CMakeFiles/cmTC_99085.dir/build
make[1]: Entering directory '/home/nitish/ws_moveit/src/mongo-c-driver-1.19.2/cmake-build/CMakeFiles/CMakeTmp'
Building C object CMakeFiles/cmTC_99085.dir/CheckIncludeFiles.c.o
/usr/lib/ccache/cc    -o CMakeFiles/cmTC_99085.dir/CheckIncludeFiles.c.o   -c /home/nitish/ws_moveit/src/mongo-c-driver-1.19.2/cmake-build/CMakeFiles/CMakeTmp/CheckIncludeFiles.c
Linking C executable cmTC_99085
/usr/bin/cmake -E cmake_link_script CMakeFiles/cmTC_99085.dir/link.txt --verbose=1
/usr/lib/ccache/cc      -rdynamic CMakeFiles/cmTC_99085.dir/CheckIncludeFiles.c.o  -o cmTC_99085 
make[1]: Leaving directory '/home/nitish/ws_moveit/src/mongo-c-driver-1.19.2/cmake-build/CMakeFiles/CMakeTmp'


Determining if files stdarg.h exist passed with the following output:
Change Dir: /home/nitish/ws_moveit/src/mongo-c-driver-1.19.2/cmake-build/CMakeFiles/CMakeTmp

Run Build Command:"/usr/bin/make" "cmTC_86b5a/fast"
/usr/bin/make -f CMakeFiles/cmTC_86b5a.dir/build.make CMakeFiles/cmTC_86b5a.dir/build
make[1]: Entering directory '/home/nitish/ws_moveit/src/mongo-c-driver-1.19.2/cmake-build/CMakeFiles/CMakeTmp'
Building C object CMakeFiles/cmTC_86b5a.dir/CheckIncludeFiles.c.o
/usr/lib/ccache/cc    -o CMakeFiles/cmTC_86b5a.dir/CheckIncludeFiles.c.o   -c /home/nitish/ws_moveit/src/mongo-c-driver-1.19.2/cmake-build/CMakeFiles/CMakeTmp/CheckIncludeFiles.c
Linking C executable cmTC_86b5a
/usr/bin/cmake -E cmake_link_script CMakeFiles/cmTC_86b5a.dir/link.txt --verbose=1
/usr/lib/ccache/cc      -rdynamic CMakeFiles/cmTC_86b5a.dir/CheckIncludeFiles.c.o  -o cmTC_86b5a 
make[1]: Leaving directory '/home/nitish/ws_moveit/src/mongo-c-driver-1.19.2/cmake-build/CMakeFiles/CMakeTmp'


Determining if the function ASN1_STRING_get0_data exists in the /usr/lib/x86_64-linux-gnu/libcrypto.so passed with the following output:
Change Dir: /home/nitish/ws_moveit/src/mongo-c-driver-1.19.2/cmake-build/CMakeFiles/CMakeTmp

Run Build Command:"/usr/bin/make" "cmTC_57cf0/fast"
/usr/bin/make -f CMakeFiles/cmTC_57cf0.dir/build.make CMakeFiles/cmTC_57cf0.dir/build
make[1]: Entering directory '/home/nitish/ws_moveit/src/mongo-c-driver-1.19.2/cmake-build/CMakeFiles/CMakeTmp'
Building C object CMakeFiles/cmTC_57cf0.dir/CheckFunctionExists.c.o
/usr/lib/ccache/cc   -DCHECK_FUNCTION_EXISTS=ASN1_STRING_get0_data   -o CMakeFiles/cmTC_57cf0.dir/CheckFunctionExists.c.o   -c /usr/share/cmake-3.10/Modules/CheckFunctionExists.c
Linking C executable cmTC_57cf0
/usr/bin/cmake -E cmake_link_script CMakeFiles/cmTC_57cf0.dir/link.txt --verbose=1
/usr/lib/ccache/cc  -DCHECK_FUNCTION_EXISTS=ASN1_STRING_get0_data    -rdynamic CMakeFiles/cmTC_57cf0.dir/CheckFunctionExists.c.o  -o cmTC_57cf0  -L/home/nitish/ws_moveit/src/mongo-c-driver-1.19.2/cmake-build/CMakeFiles/CMakeTmp/openssl/asn1.h -Wl,-rpath,/home/nitish/ws_moveit/src/mongo-c-driver-1.19.2/cmake-build/CMakeFiles/CMakeTmp/openssl/asn1.h /usr/lib/x86_64-linux-gnu/libcrypto.so 
make[1]: Leaving directory '/home/nitish/ws_moveit/src/mongo-c-driver-1.19.2/cmake-build/CMakeFiles/CMakeTmp'


Determining size of socklen_t passed with the following output:
Change Dir: /home/nitish/ws_moveit/src/mongo-c-driver-1.19.2/cmake-build/CMakeFiles/CMakeTmp

Run Build Command:"/usr/bin/make" "cmTC_0a9fa/fast"
/usr/bin/make -f CMakeFiles/cmTC_0a9fa.dir/build.make CMakeFiles/cmTC_0a9fa.dir/build
make[1]: Entering directory '/home/nitish/ws_moveit/src/mongo-c-driver-1.19.2/cmake-build/CMakeFiles/CMakeTmp'
Building C object CMakeFiles/cmTC_0a9fa.dir/HAVE_SOCKLEN.c.o
/usr/lib/ccache/cc    -o CMakeFiles/cmTC_0a9fa.dir/HAVE_SOCKLEN.c.o   -c /home/nitish/ws_moveit/src/mongo-c-driver-1.19.2/cmake-build/CMakeFiles/CheckTypeSize/HAVE_SOCKLEN.c
Linking C executable cmTC_0a9fa
/usr/bin/cmake -E cmake_link_script CMakeFiles/cmTC_0a9fa.dir/link.txt --verbose=1
/usr/lib/ccache/cc      -rdynamic CMakeFiles/cmTC_0a9fa.dir/HAVE_SOCKLEN.c.o  -o cmTC_0a9fa 
make[1]: Leaving directory '/home/nitish/ws_moveit/src/mongo-c-driver-1.19.2/cmake-build/CMakeFiles/CMakeTmp'


Determining if the res_nsearch exist passed with the following output:
Change Dir: /home/nitish/ws_moveit/src/mongo-c-driver-1.19.2/cmake-build/CMakeFiles/CMakeTmp

Run Build Command:"/usr/bin/make" "cmTC_47712/fast"
/usr/bin/make -f CMakeFiles/cmTC_47712.dir/build.make CMakeFiles/cmTC_47712.dir/build
make[1]: Entering directory '/home/nitish/ws_moveit/src/mongo-c-driver-1.19.2/cmake-build/CMakeFiles/CMakeTmp'
Building C object CMakeFiles/cmTC_47712.dir/CheckSymbolExists.c.o
/usr/lib/ccache/cc    -o CMakeFiles/cmTC_47712.dir/CheckSymbolExists.c.o   -c /home/nitish/ws_moveit/src/mongo-c-driver-1.19.2/cmake-build/CMakeFiles/CMakeTmp/CheckSymbolExists.c
Linking C executable cmTC_47712
/usr/bin/cmake -E cmake_link_script CMakeFiles/cmTC_47712.dir/link.txt --verbose=1
/usr/lib/ccache/cc      -rdynamic CMakeFiles/cmTC_47712.dir/CheckSymbolExists.c.o  -o cmTC_47712 
make[1]: Leaving directory '/home/nitish/ws_moveit/src/mongo-c-driver-1.19.2/cmake-build/CMakeFiles/CMakeTmp'

File /home/nitish/ws_moveit/src/mongo-c-driver-1.19.2/cmake-build/CMakeFiles/CMakeTmp/CheckSymbolExists.c:
/* */
#include <resolv.h>

int main(int argc, char** argv)
{
  (void)argv;
#ifndef res_nsearch
  return ((int*)(&res_nsearch))[argc];
#else
  (void)argc;
  return 0;
#endif
}

Determining if the res_nclose exist passed with the following output:
Change Dir: /home/nitish/ws_moveit/src/mongo-c-driver-1.19.2/cmake-build/CMakeFiles/CMakeTmp

Run Build Command:"/usr/bin/make" "cmTC_694ac/fast"
/usr/bin/make -f CMakeFiles/cmTC_694ac.dir/build.make CMakeFiles/cmTC_694ac.dir/build
make[1]: Entering directory '/home/nitish/ws_moveit/src/mongo-c-driver-1.19.2/cmake-build/CMakeFiles/CMakeTmp'
Building C object CMakeFiles/cmTC_694ac.dir/CheckSymbolExists.c.o
/usr/lib/ccache/cc    -o CMakeFiles/cmTC_694ac.dir/CheckSymbolExists.c.o   -c /home/nitish/ws_moveit/src/mongo-c-driver-1.19.2/cmake-build/CMakeFiles/CMakeTmp/CheckSymbolExists.c
Linking C executable cmTC_694ac
/usr/bin/cmake -E cmake_link_script CMakeFiles/cmTC_694ac.dir/link.txt --verbose=1
/usr/lib/ccache/cc      -rdynamic CMakeFiles/cmTC_694ac.dir/CheckSymbolExists.c.o  -o cmTC_694ac 
make[1]: Leaving directory '/home/nitish/ws_moveit/src/mongo-c-driver-1.19.2/cmake-build/CMakeFiles/CMakeTmp'

File /home/nitish/ws_moveit/src/mongo-c-driver-1.19.2/cmake-build/CMakeFiles/CMakeTmp/CheckSymbolExists.c:
/* */
#include <resolv.h>

int main(int argc, char** argv)
{
  (void)argv;
#ifndef res_nclose
  return ((int*)(&res_nclose))[argc];
#else
  (void)argc;
  return 0;
#endif
}

Performing C SOURCE FILE Test MONGOC_HAVE_SS_FAMILY succeeded with the following output:
Change Dir: /home/nitish/ws_moveit/src/mongo-c-driver-1.19.2/cmake-build/CMakeFiles/CMakeTmp

Run Build Command:"/usr/bin/make" "cmTC_1323c/fast"
/usr/bin/make -f CMakeFiles/cmTC_1323c.dir/build.make CMakeFiles/cmTC_1323c.dir/build
make[1]: Entering directory '/home/nitish/ws_moveit/src/mongo-c-driver-1.19.2/cmake-build/CMakeFiles/CMakeTmp'
Building C object CMakeFiles/cmTC_1323c.dir/src.c.o
/usr/lib/ccache/cc   -DMONGOC_HAVE_SS_FAMILY   -o CMakeFiles/cmTC_1323c.dir/src.c.o   -c /home/nitish/ws_moveit/src/mongo-c-driver-1.19.2/cmake-build/CMakeFiles/CMakeTmp/src.c
Linking C executable cmTC_1323c
/usr/bin/cmake -E cmake_link_script CMakeFiles/cmTC_1323c.dir/link.txt --verbose=1
/usr/lib/ccache/cc  -DMONGOC_HAVE_SS_FAMILY    -rdynamic CMakeFiles/cmTC_1323c.dir/src.c.o  -o cmTC_1323c 
make[1]: Leaving directory '/home/nitish/ws_moveit/src/mongo-c-driver-1.19.2/cmake-build/CMakeFiles/CMakeTmp'

Source file was:

#include <sys/socket.h>

int main()
{
   (void)sizeof(((struct sockaddr_storage *)0)->ss_family);
   return 0;
}

