Determining if the function reallocf exists failed with the following output:
Change Dir: /home/nitish/ws_moveit/src/mongo-c-driver-1.19.2/cmake-build/CMakeFiles/CMakeTmp

Run Build Command:"/usr/bin/make" "cmTC_b30e6/fast"
/usr/bin/make -f CMakeFiles/cmTC_b30e6.dir/build.make CMakeFiles/cmTC_b30e6.dir/build
make[1]: Entering directory '/home/nitish/ws_moveit/src/mongo-c-driver-1.19.2/cmake-build/CMakeFiles/CMakeTmp'
Building C object CMakeFiles/cmTC_b30e6.dir/CheckFunctionExists.c.o
/usr/lib/ccache/cc   -DCHECK_FUNCTION_EXISTS=reallocf   -o CMakeFiles/cmTC_b30e6.dir/CheckFunctionExists.c.o   -c /usr/share/cmake-3.10/Modules/CheckFunctionExists.c
Linking C executable cmTC_b30e6
/usr/bin/cmake -E cmake_link_script CMakeFiles/cmTC_b30e6.dir/link.txt --verbose=1
/usr/lib/ccache/cc  -DCHECK_FUNCTION_EXISTS=reallocf    -rdynamic CMakeFiles/cmTC_b30e6.dir/CheckFunctionExists.c.o  -o cmTC_b30e6 /usr/lib/x86_64-linux-gnu/librt.so 
CMakeFiles/cmTC_b30e6.dir/CheckFunctionExists.c.o: In function `main':
CheckFunctionExists.c:(.text+0x10): undefined reference to `reallocf'
collect2: error: ld returned 1 exit status
CMakeFiles/cmTC_b30e6.dir/build.make:98: recipe for target 'cmTC_b30e6' failed
make[1]: *** [cmTC_b30e6] Error 1
make[1]: Leaving directory '/home/nitish/ws_moveit/src/mongo-c-driver-1.19.2/cmake-build/CMakeFiles/CMakeTmp'
Makefile:126: recipe for target 'cmTC_b30e6/fast' failed
make: *** [cmTC_b30e6/fast] Error 2


Determining if the strlcpy exist failed with the following output:
Change Dir: /home/nitish/ws_moveit/src/mongo-c-driver-1.19.2/cmake-build/CMakeFiles/CMakeTmp

Run Build Command:"/usr/bin/make" "cmTC_03e5b/fast"
/usr/bin/make -f CMakeFiles/cmTC_03e5b.dir/build.make CMakeFiles/cmTC_03e5b.dir/build
make[1]: Entering directory '/home/nitish/ws_moveit/src/mongo-c-driver-1.19.2/cmake-build/CMakeFiles/CMakeTmp'
Building C object CMakeFiles/cmTC_03e5b.dir/CheckSymbolExists.c.o
/usr/lib/ccache/cc    -o CMakeFiles/cmTC_03e5b.dir/CheckSymbolExists.c.o   -c /home/nitish/ws_moveit/src/mongo-c-driver-1.19.2/cmake-build/CMakeFiles/CMakeTmp/CheckSymbolExists.c
/home/nitish/ws_moveit/src/mongo-c-driver-1.19.2/cmake-build/CMakeFiles/CMakeTmp/CheckSymbolExists.c: In function ‘main’:
/home/nitish/ws_moveit/src/mongo-c-driver-1.19.2/cmake-build/CMakeFiles/CMakeTmp/CheckSymbolExists.c:8:19: error: ‘strlcpy’ undeclared (first use in this function); did you mean ‘strncpy’?
   return ((int*)(&strlcpy))[argc];
                   ^~~~~~~
                   strncpy
/home/nitish/ws_moveit/src/mongo-c-driver-1.19.2/cmake-build/CMakeFiles/CMakeTmp/CheckSymbolExists.c:8:19: note: each undeclared identifier is reported only once for each function it appears in
CMakeFiles/cmTC_03e5b.dir/build.make:65: recipe for target 'CMakeFiles/cmTC_03e5b.dir/CheckSymbolExists.c.o' failed
make[1]: *** [CMakeFiles/cmTC_03e5b.dir/CheckSymbolExists.c.o] Error 1
make[1]: Leaving directory '/home/nitish/ws_moveit/src/mongo-c-driver-1.19.2/cmake-build/CMakeFiles/CMakeTmp'
Makefile:126: recipe for target 'cmTC_03e5b/fast' failed
make: *** [cmTC_03e5b/fast] Error 2

File /home/nitish/ws_moveit/src/mongo-c-driver-1.19.2/cmake-build/CMakeFiles/CMakeTmp/CheckSymbolExists.c:
/* */
#include <string.h>

int main(int argc, char** argv)
{
  (void)argv;
#ifndef strlcpy
  return ((int*)(&strlcpy))[argc];
#else
  (void)argc;
  return 0;
#endif
}

Determining if the pthread_create exist failed with the following output:
Change Dir: /home/nitish/ws_moveit/src/mongo-c-driver-1.19.2/cmake-build/CMakeFiles/CMakeTmp

Run Build Command:"/usr/bin/make" "cmTC_2b199/fast"
/usr/bin/make -f CMakeFiles/cmTC_2b199.dir/build.make CMakeFiles/cmTC_2b199.dir/build
make[1]: Entering directory '/home/nitish/ws_moveit/src/mongo-c-driver-1.19.2/cmake-build/CMakeFiles/CMakeTmp'
Building C object CMakeFiles/cmTC_2b199.dir/CheckSymbolExists.c.o
/usr/lib/ccache/cc    -o CMakeFiles/cmTC_2b199.dir/CheckSymbolExists.c.o   -c /home/nitish/ws_moveit/src/mongo-c-driver-1.19.2/cmake-build/CMakeFiles/CMakeTmp/CheckSymbolExists.c
Linking C executable cmTC_2b199
/usr/bin/cmake -E cmake_link_script CMakeFiles/cmTC_2b199.dir/link.txt --verbose=1
/usr/lib/ccache/cc      -rdynamic CMakeFiles/cmTC_2b199.dir/CheckSymbolExists.c.o  -o cmTC_2b199 /usr/lib/x86_64-linux-gnu/librt.so 
CMakeFiles/cmTC_2b199.dir/CheckSymbolExists.c.o: In function `main':
CheckSymbolExists.c:(.text+0x1b): undefined reference to `pthread_create'
collect2: error: ld returned 1 exit status
CMakeFiles/cmTC_2b199.dir/build.make:98: recipe for target 'cmTC_2b199' failed
make[1]: *** [cmTC_2b199] Error 1
make[1]: Leaving directory '/home/nitish/ws_moveit/src/mongo-c-driver-1.19.2/cmake-build/CMakeFiles/CMakeTmp'
Makefile:126: recipe for target 'cmTC_2b199/fast' failed
make: *** [cmTC_2b199/fast] Error 2

File /home/nitish/ws_moveit/src/mongo-c-driver-1.19.2/cmake-build/CMakeFiles/CMakeTmp/CheckSymbolExists.c:
/* */
#include <pthread.h>

int main(int argc, char** argv)
{
  (void)argv;
#ifndef pthread_create
  return ((int*)(&pthread_create))[argc];
#else
  (void)argc;
  return 0;
#endif
}

Determining if the res_ndestroy exist failed with the following output:
Change Dir: /home/nitish/ws_moveit/src/mongo-c-driver-1.19.2/cmake-build/CMakeFiles/CMakeTmp

Run Build Command:"/usr/bin/make" "cmTC_efcec/fast"
/usr/bin/make -f CMakeFiles/cmTC_efcec.dir/build.make CMakeFiles/cmTC_efcec.dir/build
make[1]: Entering directory '/home/nitish/ws_moveit/src/mongo-c-driver-1.19.2/cmake-build/CMakeFiles/CMakeTmp'
Building C object CMakeFiles/cmTC_efcec.dir/CheckSymbolExists.c.o
/usr/lib/ccache/cc    -o CMakeFiles/cmTC_efcec.dir/CheckSymbolExists.c.o   -c /home/nitish/ws_moveit/src/mongo-c-driver-1.19.2/cmake-build/CMakeFiles/CMakeTmp/CheckSymbolExists.c
/home/nitish/ws_moveit/src/mongo-c-driver-1.19.2/cmake-build/CMakeFiles/CMakeTmp/CheckSymbolExists.c: In function ‘main’:
/home/nitish/ws_moveit/src/mongo-c-driver-1.19.2/cmake-build/CMakeFiles/CMakeTmp/CheckSymbolExists.c:8:19: error: ‘res_ndestroy’ undeclared (first use in this function); did you mean ‘res_nsearch’?
   return ((int*)(&res_ndestroy))[argc];
                   ^~~~~~~~~~~~
                   res_nsearch
/home/nitish/ws_moveit/src/mongo-c-driver-1.19.2/cmake-build/CMakeFiles/CMakeTmp/CheckSymbolExists.c:8:19: note: each undeclared identifier is reported only once for each function it appears in
CMakeFiles/cmTC_efcec.dir/build.make:65: recipe for target 'CMakeFiles/cmTC_efcec.dir/CheckSymbolExists.c.o' failed
make[1]: *** [CMakeFiles/cmTC_efcec.dir/CheckSymbolExists.c.o] Error 1
make[1]: Leaving directory '/home/nitish/ws_moveit/src/mongo-c-driver-1.19.2/cmake-build/CMakeFiles/CMakeTmp'
Makefile:126: recipe for target 'cmTC_efcec/fast' failed
make: *** [cmTC_efcec/fast] Error 2

File /home/nitish/ws_moveit/src/mongo-c-driver-1.19.2/cmake-build/CMakeFiles/CMakeTmp/CheckSymbolExists.c:
/* */
#include <resolv.h>

int main(int argc, char** argv)
{
  (void)argv;
#ifndef res_ndestroy
  return ((int*)(&res_ndestroy))[argc];
#else
  (void)argc;
  return 0;
#endif
}

Determining if the sched_getcpu exist failed with the following output:
Change Dir: /home/nitish/ws_moveit/src/mongo-c-driver-1.19.2/cmake-build/CMakeFiles/CMakeTmp

Run Build Command:"/usr/bin/make" "cmTC_687a3/fast"
/usr/bin/make -f CMakeFiles/cmTC_687a3.dir/build.make CMakeFiles/cmTC_687a3.dir/build
make[1]: Entering directory '/home/nitish/ws_moveit/src/mongo-c-driver-1.19.2/cmake-build/CMakeFiles/CMakeTmp'
Building C object CMakeFiles/cmTC_687a3.dir/CheckSymbolExists.c.o
/usr/lib/ccache/cc    -o CMakeFiles/cmTC_687a3.dir/CheckSymbolExists.c.o   -c /home/nitish/ws_moveit/src/mongo-c-driver-1.19.2/cmake-build/CMakeFiles/CMakeTmp/CheckSymbolExists.c
/home/nitish/ws_moveit/src/mongo-c-driver-1.19.2/cmake-build/CMakeFiles/CMakeTmp/CheckSymbolExists.c: In function ‘main’:
/home/nitish/ws_moveit/src/mongo-c-driver-1.19.2/cmake-build/CMakeFiles/CMakeTmp/CheckSymbolExists.c:8:19: error: ‘sched_getcpu’ undeclared (first use in this function); did you mean ‘sched_getparam’?
   return ((int*)(&sched_getcpu))[argc];
                   ^~~~~~~~~~~~
                   sched_getparam
/home/nitish/ws_moveit/src/mongo-c-driver-1.19.2/cmake-build/CMakeFiles/CMakeTmp/CheckSymbolExists.c:8:19: note: each undeclared identifier is reported only once for each function it appears in
CMakeFiles/cmTC_687a3.dir/build.make:65: recipe for target 'CMakeFiles/cmTC_687a3.dir/CheckSymbolExists.c.o' failed
make[1]: *** [CMakeFiles/cmTC_687a3.dir/CheckSymbolExists.c.o] Error 1
make[1]: Leaving directory '/home/nitish/ws_moveit/src/mongo-c-driver-1.19.2/cmake-build/CMakeFiles/CMakeTmp'
Makefile:126: recipe for target 'cmTC_687a3/fast' failed
make: *** [cmTC_687a3/fast] Error 2

File /home/nitish/ws_moveit/src/mongo-c-driver-1.19.2/cmake-build/CMakeFiles/CMakeTmp/CheckSymbolExists.c:
/* */
#include <sched.h>

int main(int argc, char** argv)
{
  (void)argv;
#ifndef sched_getcpu
  return ((int*)(&sched_getcpu))[argc];
#else
  (void)argc;
  return 0;
#endif
}

